[debug] [2021-07-11T09:54:44.157Z] ----------------------------------------------------------------------
[debug] [2021-07-11T09:54:44.159Z] Command:       C:\Program Files\nodejs\node.exe C:\Users\Shwetanshu\AppData\Roaming\npm\node_modules\firebase-tools\lib\bin\firebase.js deploy
[debug] [2021-07-11T09:54:44.159Z] CLI Version:   9.12.0
[debug] [2021-07-11T09:54:44.159Z] Platform:      win32
[debug] [2021-07-11T09:54:44.159Z] Node Version:  v14.15.1
[debug] [2021-07-11T09:54:44.160Z] Time:          Sun Jul 11 2021 15:24:44 GMT+0530 (India Standard Time)
[debug] [2021-07-11T09:54:44.161Z] ----------------------------------------------------------------------
[debug] 
[debug] [2021-07-11T09:54:44.170Z] > command requires scopes: ["email","openid","https://www.googleapis.com/auth/cloudplatformprojects.readonly","https://www.googleapis.com/auth/firebase","https://www.googleapis.com/auth/cloud-platform"]
[debug] [2021-07-11T09:54:44.171Z] > authorizing via signed-in user (skillatimportantwork@gmail.com)
[debug] [2021-07-11T09:54:44.171Z] [iam] checking project reely-ab8c3 for permissions ["firebase.projects.get","firebasehosting.sites.update"]
[debug] [2021-07-11T09:54:44.173Z] > refreshing access token with scopes: ["email","https://www.googleapis.com/auth/cloud-platform","https://www.googleapis.com/auth/cloudplatformprojects.readonly","https://www.googleapis.com/auth/firebase","openid"]
[debug] [2021-07-11T09:54:44.173Z] >>> HTTP REQUEST POST https://www.googleapis.com/oauth2/v3/token  
 <request body omitted>
[debug] [2021-07-11T09:54:44.593Z] <<< HTTP RESPONSE 200 {"expires":"Mon, 01 Jan 1990 00:00:00 GMT","pragma":"no-cache","date":"Sun, 11 Jul 2021 09:54:45 GMT","cache-control":"no-cache, no-store, max-age=0, must-revalidate","content-type":"application/json; charset=utf-8","vary":"X-Origin, Referer, Origin,Accept-Encoding","server":"scaffolding on HTTPServer2","x-xss-protection":"0","x-frame-options":"SAMEORIGIN","x-content-type-options":"nosniff","alt-svc":"h3=\":443\"; ma=2592000,h3-29=\":443\"; ma=2592000,h3-T051=\":443\"; ma=2592000,h3-Q050=\":443\"; ma=2592000,h3-Q046=\":443\"; ma=2592000,h3-Q043=\":443\"; ma=2592000,quic=\":443\"; ma=2592000; v=\"46,43\"","accept-ranges":"none","transfer-encoding":"chunked"}
[debug] [2021-07-11T09:54:44.616Z] >>> HTTP REQUEST POST https://cloudresourcemanager.googleapis.com/v1/projects/reely-ab8c3:testIamPermissions  
 {"permissions":["firebase.projects.get","firebasehosting.sites.update"]}
[debug] [2021-07-11T09:54:46.118Z] <<< HTTP RESPONSE 200 {"content-type":"application/json; charset=UTF-8","vary":"X-Origin, Referer, Origin,Accept-Encoding","date":"Sun, 11 Jul 2021 09:54:46 GMT","server":"ESF","cache-control":"private","x-xss-protection":"0","x-frame-options":"SAMEORIGIN","x-content-type-options":"nosniff","server-timing":"gfet4t7; dur=1258","alt-svc":"h3=\":443\"; ma=2592000,h3-29=\":443\"; ma=2592000,h3-T051=\":443\"; ma=2592000,h3-Q050=\":443\"; ma=2592000,h3-Q046=\":443\"; ma=2592000,h3-Q043=\":443\"; ma=2592000,quic=\":443\"; ma=2592000; v=\"46,43\"","accept-ranges":"none","transfer-encoding":"chunked"}
[debug] [2021-07-11T09:54:46.120Z] [iam] error while checking permissions, command may fail: FirebaseError: Authorization failed. This account is missing the following required permissions on project reely-ab8c3:

  firebase.projects.get
  firebasehosting.sites.update
[debug] [2021-07-11T09:54:46.124Z] > refreshing access token with scopes: []
[debug] [2021-07-11T09:54:46.125Z] >>> HTTP REQUEST POST https://www.googleapis.com/oauth2/v3/token  
 <request body omitted>
[debug] [2021-07-11T09:54:46.426Z] <<< HTTP RESPONSE 200 {"date":"Sun, 11 Jul 2021 09:54:46 GMT","expires":"Mon, 01 Jan 1990 00:00:00 GMT","pragma":"no-cache","cache-control":"no-cache, no-store, max-age=0, must-revalidate","content-type":"application/json; charset=utf-8","vary":"X-Origin, Referer, Origin,Accept-Encoding","server":"scaffolding on HTTPServer2","x-xss-protection":"0","x-frame-options":"SAMEORIGIN","x-content-type-options":"nosniff","alt-svc":"h3=\":443\"; ma=2592000,h3-29=\":443\"; ma=2592000,h3-T051=\":443\"; ma=2592000,h3-Q050=\":443\"; ma=2592000,h3-Q046=\":443\"; ma=2592000,h3-Q043=\":443\"; ma=2592000,quic=\":443\"; ma=2592000; v=\"46,43\"","accept-ranges":"none","transfer-encoding":"chunked"}
[debug] [2021-07-11T09:54:46.474Z] >>> [apiv2][query] GET https://firebase.googleapis.com/v1beta1/projects/reely-ab8c3 [none]
[debug] [2021-07-11T09:54:47.052Z] <<< [apiv2][status] GET https://firebase.googleapis.com/v1beta1/projects/reely-ab8c3 403
[debug] [2021-07-11T09:54:47.053Z] <<< [apiv2][body] GET https://firebase.googleapis.com/v1beta1/projects/reely-ab8c3 {"error":{"code":403,"message":"The caller does not have permission","status":"PERMISSION_DENIED"}}
[debug] [2021-07-11T09:54:47.054Z] HTTP Error: 403, The caller does not have permission
[debug] [2021-07-11T09:54:47.303Z] FirebaseError: HTTP Error: 403, The caller does not have permission
    at module.exports (C:\Users\Shwetanshu\AppData\Roaming\npm\node_modules\firebase-tools\lib\responseToError.js:38:12)
    at Client.doRequest (C:\Users\Shwetanshu\AppData\Roaming\npm\node_modules\firebase-tools\lib\apiv2.js:238:23)
    at processTicksAndRejections (internal/process/task_queues.js:93:5)
    at async Client.request (C:\Users\Shwetanshu\AppData\Roaming\npm\node_modules\firebase-tools\lib\apiv2.js:96:20)
    at async Object.getFirebaseProject (C:\Users\Shwetanshu\AppData\Roaming\npm\node_modules\firebase-tools\lib\management\projects.js:290:21)
    at async Object.getDefaultHostingSite (C:\Users\Shwetanshu\AppData\Roaming\npm\node_modules\firebase-tools\lib\getDefaultHostingSite.js:8:21)
    at async requireHostingSite (C:\Users\Shwetanshu\AppData\Roaming\npm\node_modules\firebase-tools\lib\requireHostingSite.js:9:18)
    at async Object.fn (C:\Users\Shwetanshu\AppData\Roaming\npm\node_modules\firebase-tools\lib\commands\deploy.js:66:9)
    at async C:\Users\Shwetanshu\AppData\Roaming\npm\node_modules\firebase-tools\lib\command.js:169:17
[error] 
[error] Error: Failed to get Firebase project reely-ab8c3. Please make sure the project exists and your account has permission to access it.
